This file contains any messages produced by compilers while
running configure, to aid debugging if configure makes a mistake.

It was created by mod_auth_openidc configure 1.8.9rc4, which was
generated by GNU Autoconf 2.69.  Invocation command line was

  $ ./configure 

## --------- ##
## Platform. ##
## --------- ##

hostname = ip-172-31-12-88
uname -m = x86_64
uname -r = 4.4.41-36.55.amzn1.x86_64
uname -s = Linux
uname -v = #1 SMP Wed Jan 18 01:03:26 UTC 2017

/usr/bin/uname -p = unknown
/bin/uname -X     = unknown

/bin/arch              = x86_64
/usr/bin/arch -k       = unknown
/usr/convex/getsysinfo = unknown
/usr/bin/hostinfo      = unknown
/bin/machine           = unknown
/usr/bin/oslevel       = unknown
/bin/universe          = unknown

PATH: /sbin
PATH: /bin
PATH: /usr/sbin
PATH: /usr/bin
PATH: /opt/aws/bin


## ----------- ##
## Core tests. ##
## ----------- ##

configure:1761: checking for apxs2
configure:1795: result: no
configure:1806: checking for apxs
configure:1825: found /usr/sbin/apxs
configure:1837: result: /usr/sbin/apxs
configure:1920: checking for pkg-config
configure:1938: found /usr/bin/pkg-config
configure:1950: result: /usr/bin/pkg-config
configure:1975: checking pkg-config is at least version 0.9.0
configure:1978: result: yes
configure:1988: checking for CURL
configure:1995: $PKG_CONFIG --exists --print-errors "libcurl"
configure:1998: $? = 0
configure:2012: $PKG_CONFIG --exists --print-errors "libcurl"
configure:2015: $? = 0
configure:2073: result: yes
configure:2083: checking for OPENSSL
configure:2090: $PKG_CONFIG --exists --print-errors "openssl"
configure:2093: $? = 0
configure:2107: $PKG_CONFIG --exists --print-errors "openssl"
configure:2110: $? = 0
configure:2168: result: yes
configure:2177: checking for APR
configure:2184: $PKG_CONFIG --exists --print-errors "apr-1, apr-util-1"
configure:2187: $? = 0
configure:2201: $PKG_CONFIG --exists --print-errors "apr-1, apr-util-1"
configure:2204: $? = 0
configure:2262: result: yes
configure:2272: checking for JANSSON
configure:2279: $PKG_CONFIG --exists --print-errors "jansson"
configure:2282: $? = 0
configure:2296: $PKG_CONFIG --exists --print-errors "jansson"
configure:2299: $? = 0
configure:2357: result: yes
configure:2367: checking for PCRE
configure:2374: $PKG_CONFIG --exists --print-errors "libpcre"
configure:2377: $? = 0
configure:2452: result: yes
configure:2472: checking for HIREDIS
configure:2479: $PKG_CONFIG --exists --print-errors "hiredis"
Package hiredis was not found in the pkg-config search path.
Perhaps you should add the directory containing `hiredis.pc'
to the PKG_CONFIG_PATH environment variable
No package 'hiredis' found
configure:2482: $? = 1
configure:2496: $PKG_CONFIG --exists --print-errors "hiredis"
Package hiredis was not found in the pkg-config search path.
Perhaps you should add the directory containing `hiredis.pc'
to the PKG_CONFIG_PATH environment variable
No package 'hiredis' found
configure:2499: $? = 1
configure:2513: result: no
No package 'hiredis' found
configure:2773: creating ./config.status

## ---------------------- ##
## Running config.status. ##
## ---------------------- ##

This file was extended by mod_auth_openidc config.status 1.8.9rc4, which was
generated by GNU Autoconf 2.69.  Invocation command line was

  CONFIG_FILES    = 
  CONFIG_HEADERS  = 
  CONFIG_LINKS    = 
  CONFIG_COMMANDS = 
  $ ./config.status 

on ip-172-31-12-88

config.status:731: creating Makefile

## ---------------- ##
## Cache variables. ##
## ---------------- ##

ac_cv_env_APR_CFLAGS_set=
ac_cv_env_APR_CFLAGS_value=
ac_cv_env_APR_LIBS_set=
ac_cv_env_APR_LIBS_value=
ac_cv_env_APXS2_OPTS_set=
ac_cv_env_APXS2_OPTS_value=
ac_cv_env_CURL_CFLAGS_set=
ac_cv_env_CURL_CFLAGS_value=
ac_cv_env_CURL_LIBS_set=
ac_cv_env_CURL_LIBS_value=
ac_cv_env_HIREDIS_CFLAGS_set=
ac_cv_env_HIREDIS_CFLAGS_value=
ac_cv_env_HIREDIS_LIBS_set=
ac_cv_env_HIREDIS_LIBS_value=
ac_cv_env_JANSSON_CFLAGS_set=
ac_cv_env_JANSSON_CFLAGS_value=
ac_cv_env_JANSSON_LIBS_set=
ac_cv_env_JANSSON_LIBS_value=
ac_cv_env_OPENSSL_CFLAGS_set=
ac_cv_env_OPENSSL_CFLAGS_value=
ac_cv_env_OPENSSL_LIBS_set=
ac_cv_env_OPENSSL_LIBS_value=
ac_cv_env_PCRE_CFLAGS_set=
ac_cv_env_PCRE_CFLAGS_value=
ac_cv_env_PCRE_LIBS_set=set
ac_cv_env_PCRE_LIBS_value=/usr/lib64/
ac_cv_env_PKG_CONFIG_LIBDIR_set=
ac_cv_env_PKG_CONFIG_LIBDIR_value=
ac_cv_env_PKG_CONFIG_PATH_set=set
ac_cv_env_PKG_CONFIG_PATH_value=/usr/local/lib/pkgconfig
ac_cv_env_PKG_CONFIG_set=
ac_cv_env_PKG_CONFIG_value=
ac_cv_env_build_alias_set=
ac_cv_env_build_alias_value=
ac_cv_env_host_alias_set=
ac_cv_env_host_alias_value=
ac_cv_env_target_alias_set=
ac_cv_env_target_alias_value=
ac_cv_path_APXS2=/usr/sbin/apxs
ac_cv_path_ac_pt_PKG_CONFIG=/usr/bin/pkg-config
pkg_cv_APR_CFLAGS='-DLINUX -D_REENTRANT -D_GNU_SOURCE -pthread -I/usr/include/apr-1  '
pkg_cv_APR_LIBS='-laprutil-1 -lldap -llber -lexpat -ldb-4.7 -lapr-1 -lpthread -ldl  '
pkg_cv_CURL_CFLAGS=' '
pkg_cv_CURL_LIBS='-lcurl  '
pkg_cv_JANSSON_CFLAGS='-I/usr/local/include  '
pkg_cv_JANSSON_LIBS='-L/usr/local/lib -ljansson  '
pkg_cv_OPENSSL_CFLAGS=' '
pkg_cv_OPENSSL_LIBS='-lssl -lcrypto  '
pkg_cv_PCRE_CFLAGS=' '
pkg_cv_PCRE_LIBS=/usr/lib64/

## ----------------- ##
## Output variables. ##
## ----------------- ##

APR_CFLAGS='-DLINUX -D_REENTRANT -D_GNU_SOURCE -pthread -I/usr/include/apr-1  '
APR_LIBS='-laprutil-1 -lldap -llber -lexpat -ldb-4.7 -lapr-1 -lpthread -ldl  '
APXS2='/usr/sbin/apxs'
APXS2_OPTS=''
CURL_CFLAGS=' '
CURL_LIBS='-lcurl  '
DEFS='-DPACKAGE_NAME=\"mod_auth_openidc\" -DPACKAGE_TARNAME=\"mod_auth_openidc\" -DPACKAGE_VERSION=\"1.8.9rc4\" -DPACKAGE_STRING=\"mod_auth_openidc\ 1.8.9rc4\" -DPACKAGE_BUGREPORT=\"hzandbelt@pingidentity.com\" -DPACKAGE_URL=\"\"'
ECHO_C=''
ECHO_N='-n'
ECHO_T=''
HAVE_LIBHIREDIS='0'
HIREDIS_CFLAGS=''
HIREDIS_LIBS=''
JANSSON_CFLAGS='-I/usr/local/include  '
JANSSON_LIBS='-L/usr/local/lib -ljansson  '
LIBOBJS=''
LIBS=''
LTLIBOBJS=''
NAMEVER='mod_auth_openidc-1.8.9rc4'
OPENSSL_CFLAGS=' '
OPENSSL_LIBS='-lssl -lcrypto  '
PACKAGE_BUGREPORT='hzandbelt@pingidentity.com'
PACKAGE_NAME='mod_auth_openidc'
PACKAGE_STRING='mod_auth_openidc 1.8.9rc4'
PACKAGE_TARNAME='mod_auth_openidc'
PACKAGE_URL=''
PACKAGE_VERSION='1.8.9rc4'
PATH_SEPARATOR=':'
PCRE_CFLAGS=' '
PCRE_LIBS='/usr/lib64/'
PKG_CONFIG='/usr/bin/pkg-config'
PKG_CONFIG_LIBDIR=''
PKG_CONFIG_PATH='/usr/local/lib/pkgconfig'
SHELL='/bin/sh'
bindir='${exec_prefix}/bin'
build_alias=''
datadir='${datarootdir}'
datarootdir='${prefix}/share'
docdir='${datarootdir}/doc/${PACKAGE_TARNAME}'
dvidir='${docdir}'
exec_prefix='${prefix}'
host_alias=''
htmldir='${docdir}'
includedir='${prefix}/include'
infodir='${datarootdir}/info'
libdir='${exec_prefix}/lib'
libexecdir='${exec_prefix}/libexec'
localedir='${datarootdir}/locale'
localstatedir='${prefix}/var'
mandir='${datarootdir}/man'
oldincludedir='/usr/include'
pdfdir='${docdir}'
prefix='/usr/local'
program_transform_name='s,x,x,'
psdir='${docdir}'
sbindir='${exec_prefix}/sbin'
sharedstatedir='${prefix}/com'
sysconfdir='${prefix}/etc'
target_alias=''

## ----------- ##
## confdefs.h. ##
## ----------- ##

/* confdefs.h */
#define PACKAGE_NAME "mod_auth_openidc"
#define PACKAGE_TARNAME "mod_auth_openidc"
#define PACKAGE_VERSION "1.8.9rc4"
#define PACKAGE_STRING "mod_auth_openidc 1.8.9rc4"
#define PACKAGE_BUGREPORT "hzandbelt@pingidentity.com"
#define PACKAGE_URL ""

configure: exit 0
